<?xml version="1.0" encoding="UTF-8"?>
<coverage generated="1690905826912" clover="3.2.0">
  <project timestamp="1690905826913" name="All files">
    <metrics statements="99" coveredstatements="91" conditionals="24" coveredconditionals="17" methods="40" coveredmethods="34" elements="163" coveredelements="142" complexity="0" loc="99" ncloc="99" packages="2" files="16" classes="16"/>
    <package name="components">
      <metrics statements="62" coveredstatements="58" conditionals="24" coveredconditionals="17" methods="27" coveredmethods="25"/>
      <file name="Body.jsx" path="D:\Food App\src\components\Body.jsx">
        <metrics statements="18" coveredstatements="15" conditionals="8" coveredconditionals="5" methods="8" coveredmethods="6"/>
        <line num="8" count="1" type="stmt"/>
        <line num="9" count="6" type="stmt"/>
        <line num="11" count="6" type="stmt"/>
        <line num="13" count="6" type="stmt"/>
        <line num="15" count="6" type="cond" truecount="1" falsecount="1"/>
        <line num="16" count="0" type="stmt"/>
        <line num="18" count="6" type="cond" truecount="1" falsecount="1"/>
        <line num="37" count="1" type="stmt"/>
        <line num="38" count="1" type="stmt"/>
        <line num="39" count="1" type="stmt"/>
        <line num="40" count="20" type="cond" truecount="2" falsecount="0"/>
        <line num="45" count="5" type="stmt"/>
        <line num="49" count="1" type="stmt"/>
        <line num="62" count="0" type="stmt"/>
        <line num="79" count="20" type="stmt"/>
        <line num="80" count="1" type="stmt"/>
        <line num="88" count="0" type="stmt"/>
        <line num="96" count="59" type="stmt"/>
      </file>
      <file name="Contact.jsx" path="D:\Food App\src\components\Contact.jsx">
        <metrics statements="2" coveredstatements="2" conditionals="0" coveredconditionals="0" methods="1" coveredmethods="1"/>
        <line num="1" count="1" type="stmt"/>
        <line num="2" count="3" type="stmt"/>
      </file>
      <file name="Header.jsx" path="D:\Food App\src\components\Header.jsx">
        <metrics statements="6" coveredstatements="6" conditionals="4" coveredconditionals="2" methods="3" coveredmethods="3"/>
        <line num="7" count="2" type="stmt"/>
        <line num="8" count="7" type="stmt"/>
        <line num="10" count="7" type="stmt"/>
        <line num="12" count="13" type="stmt"/>
        <line num="14" count="7" type="stmt"/>
        <line num="46" count="1" type="cond" truecount="1" falsecount="1"/>
      </file>
      <file name="ItemCard.jsx" path="D:\Food App\src\components\ItemCard.jsx">
        <metrics statements="7" coveredstatements="7" conditionals="2" coveredconditionals="2" methods="4" coveredmethods="4"/>
        <line num="5" count="1" type="stmt"/>
        <line num="6" count="1" type="stmt"/>
        <line num="7" count="1" type="stmt"/>
        <line num="8" count="1" type="stmt"/>
        <line num="10" count="1" type="stmt"/>
        <line num="14" count="5" type="stmt"/>
        <line num="35" count="1" type="stmt"/>
      </file>
      <file name="ResCard.jsx" path="D:\Food App\src\components\ResCard.jsx">
        <metrics statements="6" coveredstatements="6" conditionals="0" coveredconditionals="0" methods="3" coveredmethods="3"/>
        <line num="1" count="2" type="stmt"/>
        <line num="9" count="61" type="stmt"/>
        <line num="10" count="61" type="stmt"/>
        <line num="39" count="2" type="stmt"/>
        <line num="40" count="7" type="stmt"/>
        <line num="41" count="1" type="stmt"/>
      </file>
      <file name="RestaurantCategory.jsx" path="D:\Food App\src\components\RestaurantCategory.jsx">
        <metrics statements="4" coveredstatements="4" conditionals="2" coveredconditionals="2" methods="2" coveredmethods="2"/>
        <line num="3" count="1" type="stmt"/>
        <line num="4" count="50" type="stmt"/>
        <line num="5" count="1" type="stmt"/>
        <line num="7" count="50" type="stmt"/>
      </file>
      <file name="RestaurantMenu.jsx" path="D:\Food App\src\components\RestaurantMenu.jsx">
        <metrics statements="16" coveredstatements="15" conditionals="8" coveredconditionals="6" methods="4" coveredmethods="4"/>
        <line num="7" count="1" type="stmt"/>
        <line num="8" count="3" type="stmt"/>
        <line num="10" count="3" type="stmt"/>
        <line num="12" count="3" type="stmt"/>
        <line num="14" count="3" type="cond" truecount="2" falsecount="0"/>
        <line num="17" count="2" type="stmt"/>
        <line num="19" count="2" type="stmt"/>
        <line num="21" count="2" type="cond" truecount="1" falsecount="1"/>
        <line num="25" count="0" type="stmt"/>
        <line num="29" count="2" type="stmt"/>
        <line num="32" count="2" type="stmt"/>
        <line num="35" count="2" type="stmt"/>
        <line num="37" count="58" type="stmt"/>
        <line num="41" count="2" type="stmt"/>
        <line num="49" count="50" type="stmt"/>
        <line num="55" count="1" type="cond" truecount="1" falsecount="1"/>
      </file>
      <file name="Shimmer.jsx" path="D:\Food App\src\components\Shimmer.jsx">
        <metrics statements="2" coveredstatements="2" conditionals="0" coveredconditionals="0" methods="1" coveredmethods="1"/>
        <line num="1" count="2" type="stmt"/>
        <line num="2" count="1" type="stmt"/>
      </file>
      <file name="sum.jsx" path="D:\Food App\src\components\sum.jsx">
        <metrics statements="1" coveredstatements="1" conditionals="0" coveredconditionals="0" methods="1" coveredmethods="1"/>
        <line num="1" count="1" type="stmt"/>
      </file>
    </package>
    <package name="utils">
      <metrics statements="37" coveredstatements="33" conditionals="0" coveredconditionals="0" methods="13" coveredmethods="9"/>
      <file name="UserContext.js" path="D:\Food App\src\utils\UserContext.js">
        <metrics statements="1" coveredstatements="1" conditionals="0" coveredconditionals="0" methods="0" coveredmethods="0"/>
        <line num="3" count="3" type="stmt"/>
      </file>
      <file name="appStore.js" path="D:\Food App\src\utils\appStore.js">
        <metrics statements="1" coveredstatements="1" conditionals="0" coveredconditionals="0" methods="0" coveredmethods="0"/>
        <line num="4" count="2" type="stmt"/>
      </file>
      <file name="cartSlice.js" path="D:\Food App\src\utils\cartSlice.js">
        <metrics statements="5" coveredstatements="3" conditionals="0" coveredconditionals="0" methods="3" coveredmethods="1"/>
        <line num="3" count="2" type="stmt"/>
        <line num="10" count="1" type="stmt"/>
        <line num="13" count="0" type="stmt"/>
        <line num="16" count="0" type="stmt"/>
        <line num="29" count="2" type="stmt"/>
      </file>
      <file name="contants.js" path="D:\Food App\src\utils\contants.js">
        <metrics statements="3" coveredstatements="3" conditionals="0" coveredconditionals="0" methods="0" coveredmethods="0"/>
        <line num="2" count="2" type="stmt"/>
        <line num="5" count="2" type="stmt"/>
        <line num="8" count="2" type="stmt"/>
      </file>
      <file name="useOnlineStatus.js" path="D:\Food App\src\utils\useOnlineStatus.js">
        <metrics statements="8" coveredstatements="6" conditionals="0" coveredconditionals="0" methods="4" coveredmethods="2"/>
        <line num="3" count="3" type="stmt"/>
        <line num="4" count="13" type="stmt"/>
        <line num="6" count="13" type="stmt"/>
        <line num="7" count="7" type="stmt"/>
        <line num="8" count="0" type="stmt"/>
        <line num="10" count="7" type="stmt"/>
        <line num="11" count="0" type="stmt"/>
        <line num="15" count="13" type="stmt"/>
      </file>
      <file name="useRestaurantMenu.js" path="D:\Food App\src\utils\useRestaurantMenu.js">
        <metrics statements="9" coveredstatements="9" conditionals="0" coveredconditionals="0" methods="3" coveredmethods="3"/>
        <line num="4" count="1" type="stmt"/>
        <line num="5" count="3" type="stmt"/>
        <line num="7" count="3" type="stmt"/>
        <line num="8" count="1" type="stmt"/>
        <line num="11" count="3" type="stmt"/>
        <line num="12" count="1" type="stmt"/>
        <line num="13" count="1" type="stmt"/>
        <line num="14" count="1" type="stmt"/>
        <line num="17" count="3" type="stmt"/>
      </file>
      <file name="useRestaurants.js" path="D:\Food App\src\utils\useRestaurants.js">
        <metrics statements="10" coveredstatements="10" conditionals="0" coveredconditionals="0" methods="3" coveredmethods="3"/>
        <line num="3" count="1" type="stmt"/>
        <line num="4" count="6" type="stmt"/>
        <line num="5" count="6" type="stmt"/>
        <line num="7" count="6" type="stmt"/>
        <line num="8" count="2" type="stmt"/>
        <line num="12" count="2" type="stmt"/>
        <line num="16" count="2" type="stmt"/>
        <line num="18" count="2" type="stmt"/>
        <line num="21" count="2" type="stmt"/>
        <line num="27" count="6" type="stmt"/>
      </file>
    </package>
  </project>
</coverage>
