{"D:\\Food App\\src\\components\\Body.jsx": {"path":"D:\\Food App\\src\\components\\Body.jsx","statementMap":{"0":{"start":{"line":8,"column":13},"end":{"line":113,"column":1}},"1":{"start":{"line":9,"column":57},"end":{"line":9,"column":75}},"2":{"start":{"line":11,"column":26},"end":{"line":11,"column":59}},"3":{"start":{"line":13,"column":40},"end":{"line":13,"column":63}},"4":{"start":{"line":15,"column":2},"end":{"line":16,"column":54}},"5":{"start":{"line":16,"column":4},"end":{"line":16,"column":54}},"6":{"start":{"line":18,"column":2},"end":{"line":112,"column":4}},"7":{"start":{"line":37,"column":12},"end":{"line":37,"column":31}},"8":{"start":{"line":38,"column":34},"end":{"line":38,"column":70}},"9":{"start":{"line":39,"column":37},"end":{"line":47,"column":14}},"10":{"start":{"line":40,"column":14},"end":{"line":46,"column":15}},"11":{"start":{"line":45,"column":16},"end":{"line":45,"column":27}},"12":{"start":{"line":49,"column":12},"end":{"line":49,"column":46}},"13":{"start":{"line":62,"column":14},"end":{"line":62,"column":42}},"14":{"start":{"line":79,"column":33},"end":{"line":79,"column":79}},"15":{"start":{"line":79,"column":54},"end":{"line":79,"column":78}},"16":{"start":{"line":80,"column":12},"end":{"line":80,"column":42}},"17":{"start":{"line":88,"column":12},"end":{"line":88,"column":34}},"18":{"start":{"line":96,"column":10},"end":{"line":108,"column":12}}},"fnMap":{"0":{"name":"(anonymous_0)","decl":{"start":{"line":8,"column":13},"end":{"line":8,"column":14}},"loc":{"start":{"line":8,"column":19},"end":{"line":113,"column":1}},"line":8},"1":{"name":"(anonymous_1)","decl":{"start":{"line":36,"column":19},"end":{"line":36,"column":20}},"loc":{"start":{"line":36,"column":26},"end":{"line":50,"column":11}},"line":36},"2":{"name":"(anonymous_2)","decl":{"start":{"line":39,"column":49},"end":{"line":39,"column":50}},"loc":{"start":{"line":39,"column":58},"end":{"line":47,"column":13}},"line":39},"3":{"name":"(anonymous_3)","decl":{"start":{"line":61,"column":22},"end":{"line":61,"column":23}},"loc":{"start":{"line":61,"column":29},"end":{"line":63,"column":13}},"line":61},"4":{"name":"(anonymous_4)","decl":{"start":{"line":78,"column":19},"end":{"line":78,"column":20}},"loc":{"start":{"line":78,"column":25},"end":{"line":81,"column":11}},"line":78},"5":{"name":"(anonymous_5)","decl":{"start":{"line":79,"column":45},"end":{"line":79,"column":46}},"loc":{"start":{"line":79,"column":54},"end":{"line":79,"column":78}},"line":79},"6":{"name":"(anonymous_6)","decl":{"start":{"line":87,"column":19},"end":{"line":87,"column":20}},"loc":{"start":{"line":87,"column":25},"end":{"line":89,"column":11}},"line":87},"7":{"name":"(anonymous_7)","decl":{"start":{"line":95,"column":26},"end":{"line":95,"column":27}},"loc":{"start":{"line":95,"column":35},"end":{"line":109,"column":9}},"line":95}},"branchMap":{"0":{"loc":{"start":{"line":15,"column":2},"end":{"line":16,"column":54}},"type":"if","locations":[{"start":{"line":15,"column":2},"end":{"line":16,"column":54}},{"start":{},"end":{}}],"line":15},"1":{"loc":{"start":{"line":18,"column":9},"end":{"line":112,"column":3}},"type":"cond-expr","locations":[{"start":{"line":19,"column":4},"end":{"line":19,"column":15}},{"start":{"line":21,"column":4},"end":{"line":111,"column":10}}],"line":18},"2":{"loc":{"start":{"line":40,"column":14},"end":{"line":46,"column":15}},"type":"if","locations":[{"start":{"line":40,"column":14},"end":{"line":46,"column":15}},{"start":{},"end":{}}],"line":40},"3":{"loc":{"start":{"line":102,"column":15},"end":{"line":106,"column":15}},"type":"cond-expr","locations":[{"start":{"line":103,"column":16},"end":{"line":103,"column":54}},{"start":{"line":105,"column":16},"end":{"line":105,"column":53}}],"line":102}},"s":{"0":1,"1":6,"2":6,"3":6,"4":6,"5":0,"6":6,"7":1,"8":1,"9":1,"10":20,"11":5,"12":1,"13":0,"14":1,"15":20,"16":1,"17":0,"18":59},"f":{"0":6,"1":1,"2":20,"3":0,"4":1,"5":20,"6":0,"7":59},"b":{"0":[0,6],"1":[0,6],"2":[5,15],"3":[0,59]},"_coverageSchema":"1a1c01bbd47fc00a2c39e90264f33305004495a9","hash":"9c12cc6180d39d629eaf736a68e55068c5ee3bc1"}
,"D:\\Food App\\src\\components\\Contact.jsx": {"path":"D:\\Food App\\src\\components\\Contact.jsx","statementMap":{"0":{"start":{"line":1,"column":16},"end":{"line":31,"column":1}},"1":{"start":{"line":2,"column":2},"end":{"line":30,"column":4}}},"fnMap":{"0":{"name":"(anonymous_0)","decl":{"start":{"line":1,"column":16},"end":{"line":1,"column":17}},"loc":{"start":{"line":1,"column":22},"end":{"line":31,"column":1}},"line":1}},"branchMap":{},"s":{"0":1,"1":3},"f":{"0":3},"b":{},"_coverageSchema":"1a1c01bbd47fc00a2c39e90264f33305004495a9","hash":"f985e31f547c042df86cdb4b6d45b13f27066cd8"}
,"D:\\Food App\\src\\components\\Header.jsx": {"path":"D:\\Food App\\src\\components\\Header.jsx","statementMap":{"0":{"start":{"line":7,"column":15},"end":{"line":55,"column":1}},"1":{"start":{"line":8,"column":32},"end":{"line":8,"column":49}},"2":{"start":{"line":10,"column":27},"end":{"line":10,"column":50}},"3":{"start":{"line":12,"column":20},"end":{"line":12,"column":60}},"4":{"start":{"line":12,"column":43},"end":{"line":12,"column":59}},"5":{"start":{"line":14,"column":2},"end":{"line":54,"column":4}},"6":{"start":{"line":46,"column":14},"end":{"line":46,"column":79}}},"fnMap":{"0":{"name":"(anonymous_0)","decl":{"start":{"line":7,"column":15},"end":{"line":7,"column":16}},"loc":{"start":{"line":7,"column":21},"end":{"line":55,"column":1}},"line":7},"1":{"name":"(anonymous_1)","decl":{"start":{"line":12,"column":32},"end":{"line":12,"column":33}},"loc":{"start":{"line":12,"column":43},"end":{"line":12,"column":59}},"line":12},"2":{"name":"(anonymous_2)","decl":{"start":{"line":45,"column":21},"end":{"line":45,"column":22}},"loc":{"start":{"line":45,"column":27},"end":{"line":47,"column":13}},"line":45}},"branchMap":{"0":{"loc":{"start":{"line":25,"column":28},"end":{"line":25,"column":58}},"type":"cond-expr","locations":[{"start":{"line":25,"column":48},"end":{"line":25,"column":51}},{"start":{"line":25,"column":54},"end":{"line":25,"column":58}}],"line":25},"1":{"loc":{"start":{"line":46,"column":14},"end":{"line":46,"column":78}},"type":"cond-expr","locations":[{"start":{"line":46,"column":36},"end":{"line":46,"column":56}},{"start":{"line":46,"column":59},"end":{"line":46,"column":78}}],"line":46}},"s":{"0":2,"1":7,"2":7,"3":7,"4":13,"5":7,"6":1},"f":{"0":7,"1":13,"2":1},"b":{"0":[7,0],"1":[1,0]},"_coverageSchema":"1a1c01bbd47fc00a2c39e90264f33305004495a9","hash":"0b64dec5744e011acfcc5d4fbc4e3e45b97354b6"}
,"D:\\Food App\\src\\components\\ItemCard.jsx": {"path":"D:\\Food App\\src\\components\\ItemCard.jsx","statementMap":{"0":{"start":{"line":5,"column":17},"end":{"line":53,"column":1}},"1":{"start":{"line":6,"column":19},"end":{"line":6,"column":32}},"2":{"start":{"line":7,"column":24},"end":{"line":9,"column":3}},"3":{"start":{"line":8,"column":4},"end":{"line":8,"column":28}},"4":{"start":{"line":10,"column":2},"end":{"line":52,"column":4}},"5":{"start":{"line":14,"column":10},"end":{"line":48,"column":16}},"6":{"start":{"line":35,"column":33},"end":{"line":35,"column":52}}},"fnMap":{"0":{"name":"(anonymous_0)","decl":{"start":{"line":5,"column":17},"end":{"line":5,"column":18}},"loc":{"start":{"line":5,"column":35},"end":{"line":53,"column":1}},"line":5},"1":{"name":"(anonymous_1)","decl":{"start":{"line":7,"column":24},"end":{"line":7,"column":25}},"loc":{"start":{"line":7,"column":34},"end":{"line":9,"column":3}},"line":7},"2":{"name":"(anonymous_2)","decl":{"start":{"line":13,"column":22},"end":{"line":13,"column":23}},"loc":{"start":{"line":14,"column":10},"end":{"line":48,"column":16}},"line":14},"3":{"name":"(anonymous_3)","decl":{"start":{"line":35,"column":27},"end":{"line":35,"column":28}},"loc":{"start":{"line":35,"column":33},"end":{"line":35,"column":52}},"line":35}},"branchMap":{"0":{"loc":{"start":{"line":23,"column":17},"end":{"line":25,"column":53}},"type":"cond-expr","locations":[{"start":{"line":24,"column":20},"end":{"line":24,"column":46}},{"start":{"line":25,"column":20},"end":{"line":25,"column":53}}],"line":23}},"s":{"0":1,"1":1,"2":1,"3":1,"4":1,"5":5,"6":1},"f":{"0":1,"1":1,"2":5,"3":1},"b":{"0":[4,1]},"_coverageSchema":"1a1c01bbd47fc00a2c39e90264f33305004495a9","hash":"235eb86d4d3065845c97c55825af5ab140266cfe"}
,"D:\\Food App\\src\\components\\ResCard.jsx": {"path":"D:\\Food App\\src\\components\\ResCard.jsx","statementMap":{"0":{"start":{"line":1,"column":23},"end":{"line":37,"column":1}},"1":{"start":{"line":9,"column":6},"end":{"line":9,"column":13}},"2":{"start":{"line":10,"column":2},"end":{"line":36,"column":4}},"3":{"start":{"line":39,"column":33},"end":{"line":58,"column":1}},"4":{"start":{"line":40,"column":2},"end":{"line":57,"column":4}},"5":{"start":{"line":41,"column":4},"end":{"line":56,"column":6}}},"fnMap":{"0":{"name":"(anonymous_0)","decl":{"start":{"line":1,"column":23},"end":{"line":1,"column":24}},"loc":{"start":{"line":1,"column":40},"end":{"line":37,"column":1}},"line":1},"1":{"name":"(anonymous_1)","decl":{"start":{"line":39,"column":33},"end":{"line":39,"column":34}},"loc":{"start":{"line":39,"column":53},"end":{"line":58,"column":1}},"line":39},"2":{"name":"(anonymous_2)","decl":{"start":{"line":40,"column":9},"end":{"line":40,"column":10}},"loc":{"start":{"line":40,"column":20},"end":{"line":57,"column":3}},"line":40}},"branchMap":{},"s":{"0":2,"1":61,"2":61,"3":2,"4":7,"5":1},"f":{"0":61,"1":7,"2":1},"b":{},"_coverageSchema":"1a1c01bbd47fc00a2c39e90264f33305004495a9","hash":"2228c43c34b7679ccbbbd06716bc2469c7cb4a0b"}
,"D:\\Food App\\src\\components\\RestaurantCategory.jsx": {"path":"D:\\Food App\\src\\components\\RestaurantCategory.jsx","statementMap":{"0":{"start":{"line":3,"column":27},"end":{"line":25,"column":1}},"1":{"start":{"line":4,"column":26},"end":{"line":6,"column":3}},"2":{"start":{"line":5,"column":4},"end":{"line":5,"column":19}},"3":{"start":{"line":7,"column":2},"end":{"line":24,"column":4}}},"fnMap":{"0":{"name":"(anonymous_0)","decl":{"start":{"line":3,"column":27},"end":{"line":3,"column":28}},"loc":{"start":{"line":3,"column":70},"end":{"line":25,"column":1}},"line":3},"1":{"name":"(anonymous_1)","decl":{"start":{"line":4,"column":26},"end":{"line":4,"column":27}},"loc":{"start":{"line":4,"column":32},"end":{"line":6,"column":3}},"line":4}},"branchMap":{"0":{"loc":{"start":{"line":19,"column":9},"end":{"line":21,"column":9}},"type":"binary-expr","locations":[{"start":{"line":19,"column":9},"end":{"line":19,"column":18}},{"start":{"line":20,"column":10},"end":{"line":20,"column":73}}],"line":19}},"s":{"0":1,"1":50,"2":1,"3":50},"f":{"0":50,"1":1},"b":{"0":[50,1]},"_coverageSchema":"1a1c01bbd47fc00a2c39e90264f33305004495a9","hash":"11497c969b0040f0598df8e9ce93ab7b6dc9fa1f"}
,"D:\\Food App\\src\\components\\RestaurantMenu.jsx": {"path":"D:\\Food App\\src\\components\\RestaurantMenu.jsx","statementMap":{"0":{"start":{"line":7,"column":23},"end":{"line":62,"column":1}},"1":{"start":{"line":8,"column":20},"end":{"line":8,"column":31}},"2":{"start":{"line":10,"column":36},"end":{"line":10,"column":50}},"3":{"start":{"line":12,"column":18},"end":{"line":12,"column":42}},"4":{"start":{"line":14,"column":2},"end":{"line":14,"column":43}},"5":{"start":{"line":14,"column":24},"end":{"line":14,"column":43}},"6":{"start":{"line":17,"column":4},"end":{"line":17,"column":39}},"7":{"start":{"line":19,"column":10},"end":{"line":19,"column":12}},"8":{"start":{"line":21,"column":2},"end":{"line":31,"column":15}},"9":{"start":{"line":25,"column":4},"end":{"line":27,"column":15}},"10":{"start":{"line":29,"column":4},"end":{"line":31,"column":15}},"11":{"start":{"line":32,"column":24},"end":{"line":32,"column":25}},"12":{"start":{"line":35,"column":4},"end":{"line":39,"column":5}},"13":{"start":{"line":37,"column":8},"end":{"line":38,"column":70}},"14":{"start":{"line":41,"column":2},"end":{"line":61,"column":4}},"15":{"start":{"line":49,"column":8},"end":{"line":58,"column":14}},"16":{"start":{"line":55,"column":14},"end":{"line":55,"column":77}}},"fnMap":{"0":{"name":"(anonymous_0)","decl":{"start":{"line":7,"column":23},"end":{"line":7,"column":24}},"loc":{"start":{"line":7,"column":29},"end":{"line":62,"column":1}},"line":7},"1":{"name":"(anonymous_1)","decl":{"start":{"line":36,"column":6},"end":{"line":36,"column":7}},"loc":{"start":{"line":37,"column":8},"end":{"line":38,"column":70}},"line":37},"2":{"name":"(anonymous_2)","decl":{"start":{"line":48,"column":22},"end":{"line":48,"column":23}},"loc":{"start":{"line":49,"column":8},"end":{"line":58,"column":14}},"line":49},"3":{"name":"(anonymous_3)","decl":{"start":{"line":54,"column":26},"end":{"line":54,"column":27}},"loc":{"start":{"line":54,"column":32},"end":{"line":56,"column":13}},"line":54}},"branchMap":{"0":{"loc":{"start":{"line":14,"column":2},"end":{"line":14,"column":43}},"type":"if","locations":[{"start":{"line":14,"column":2},"end":{"line":14,"column":43}},{"start":{},"end":{}}],"line":14},"1":{"loc":{"start":{"line":21,"column":2},"end":{"line":31,"column":15}},"type":"if","locations":[{"start":{"line":21,"column":2},"end":{"line":31,"column":15}},{"start":{"line":29,"column":4},"end":{"line":31,"column":15}}],"line":21},"2":{"loc":{"start":{"line":53,"column":23},"end":{"line":53,"column":50}},"type":"binary-expr","locations":[{"start":{"line":53,"column":23},"end":{"line":53,"column":42}},{"start":{"line":53,"column":46},"end":{"line":53,"column":50}}],"line":53},"3":{"loc":{"start":{"line":55,"column":14},"end":{"line":55,"column":76}},"type":"cond-expr","locations":[{"start":{"line":55,"column":36},"end":{"line":55,"column":54}},{"start":{"line":55,"column":57},"end":{"line":55,"column":76}}],"line":55}},"s":{"0":1,"1":3,"2":3,"3":3,"4":3,"5":1,"6":2,"7":2,"8":2,"9":0,"10":2,"11":2,"12":2,"13":58,"14":2,"15":50,"16":1},"f":{"0":3,"1":58,"2":50,"3":1},"b":{"0":[1,2],"1":[0,2],"2":[50,1],"3":[0,1]},"_coverageSchema":"1a1c01bbd47fc00a2c39e90264f33305004495a9","hash":"5cc6d8fe2bf5e0765021c297b0debc2f8628e583"}
,"D:\\Food App\\src\\components\\Shimmer.jsx": {"path":"D:\\Food App\\src\\components\\Shimmer.jsx","statementMap":{"0":{"start":{"line":1,"column":16},"end":{"line":112,"column":1}},"1":{"start":{"line":2,"column":2},"end":{"line":111,"column":4}}},"fnMap":{"0":{"name":"(anonymous_0)","decl":{"start":{"line":1,"column":16},"end":{"line":1,"column":17}},"loc":{"start":{"line":1,"column":22},"end":{"line":112,"column":1}},"line":1}},"branchMap":{},"s":{"0":2,"1":1},"f":{"0":1},"b":{},"_coverageSchema":"1a1c01bbd47fc00a2c39e90264f33305004495a9","hash":"c4e5c04e83933e857025fd033d857c4150e7a1fd"}
,"D:\\Food App\\src\\components\\sum.jsx": {"path":"D:\\Food App\\src\\components\\sum.jsx","statementMap":{"0":{"start":{"line":1,"column":19},"end":{"line":1,"column":34}},"1":{"start":{"line":1,"column":29},"end":{"line":1,"column":34}}},"fnMap":{"0":{"name":"(anonymous_0)","decl":{"start":{"line":1,"column":19},"end":{"line":1,"column":20}},"loc":{"start":{"line":1,"column":29},"end":{"line":1,"column":34}},"line":1}},"branchMap":{},"s":{"0":1,"1":1},"f":{"0":1},"b":{},"_coverageSchema":"1a1c01bbd47fc00a2c39e90264f33305004495a9","hash":"5e40c28310ba1c98169238b99b09550e606f6884"}
,"D:\\Food App\\src\\utils\\UserContext.js": {"path":"D:\\Food App\\src\\utils\\UserContext.js","statementMap":{"0":{"start":{"line":3,"column":20},"end":{"line":5,"column":2}}},"fnMap":{},"branchMap":{},"s":{"0":3},"f":{},"b":{},"_coverageSchema":"1a1c01bbd47fc00a2c39e90264f33305004495a9","hash":"9ad52466f4949c0fa1b2b28de864907db60bc31a"}
,"D:\\Food App\\src\\utils\\appStore.js": {"path":"D:\\Food App\\src\\utils\\appStore.js","statementMap":{"0":{"start":{"line":4,"column":17},"end":{"line":8,"column":2}}},"fnMap":{},"branchMap":{},"s":{"0":2},"f":{},"b":{},"_coverageSchema":"1a1c01bbd47fc00a2c39e90264f33305004495a9","hash":"e9eaa931325fa3b7f26196db202243718945edad"}
,"D:\\Food App\\src\\utils\\cartSlice.js": {"path":"D:\\Food App\\src\\utils\\cartSlice.js","statementMap":{"0":{"start":{"line":3,"column":18},"end":{"line":19,"column":2}},"1":{"start":{"line":10,"column":6},"end":{"line":10,"column":39}},"2":{"start":{"line":13,"column":6},"end":{"line":13,"column":24}},"3":{"start":{"line":16,"column":6},"end":{"line":16,"column":27}},"4":{"start":{"line":29,"column":50},"end":{"line":29,"column":67}}},"fnMap":{"0":{"name":"(anonymous_0)","decl":{"start":{"line":9,"column":13},"end":{"line":9,"column":14}},"loc":{"start":{"line":9,"column":32},"end":{"line":11,"column":5}},"line":9},"1":{"name":"(anonymous_1)","decl":{"start":{"line":12,"column":16},"end":{"line":12,"column":17}},"loc":{"start":{"line":12,"column":27},"end":{"line":14,"column":5}},"line":12},"2":{"name":"(anonymous_2)","decl":{"start":{"line":15,"column":15},"end":{"line":15,"column":16}},"loc":{"start":{"line":15,"column":26},"end":{"line":17,"column":5}},"line":15}},"branchMap":{},"s":{"0":2,"1":1,"2":0,"3":0,"4":2},"f":{"0":1,"1":0,"2":0},"b":{},"_coverageSchema":"1a1c01bbd47fc00a2c39e90264f33305004495a9","hash":"1ffdb1eeb4bc8c7c9a21f36a7799741d9bddb00b"}
,"D:\\Food App\\src\\utils\\contants.js": {"path":"D:\\Food App\\src\\utils\\contants.js","statementMap":{"0":{"start":{"line":2,"column":2},"end":{"line":2,"column":132}},"1":{"start":{"line":5,"column":2},"end":{"line":5,"column":118}},"2":{"start":{"line":8,"column":2},"end":{"line":8,"column":93}}},"fnMap":{},"branchMap":{},"s":{"0":2,"1":2,"2":2},"f":{},"b":{},"_coverageSchema":"1a1c01bbd47fc00a2c39e90264f33305004495a9","hash":"c87e1aeb7ee587f2c278f154c6b96fe3c33a4866"}
,"D:\\Food App\\src\\utils\\useOnlineStatus.js": {"path":"D:\\Food App\\src\\utils\\useOnlineStatus.js","statementMap":{"0":{"start":{"line":3,"column":24},"end":{"line":16,"column":1}},"1":{"start":{"line":4,"column":42},"end":{"line":4,"column":56}},"2":{"start":{"line":6,"column":2},"end":{"line":13,"column":9}},"3":{"start":{"line":7,"column":4},"end":{"line":9,"column":7}},"4":{"start":{"line":8,"column":6},"end":{"line":8,"column":28}},"5":{"start":{"line":10,"column":4},"end":{"line":12,"column":7}},"6":{"start":{"line":11,"column":6},"end":{"line":11,"column":29}},"7":{"start":{"line":15,"column":2},"end":{"line":15,"column":22}}},"fnMap":{"0":{"name":"(anonymous_0)","decl":{"start":{"line":3,"column":24},"end":{"line":3,"column":25}},"loc":{"start":{"line":3,"column":30},"end":{"line":16,"column":1}},"line":3},"1":{"name":"(anonymous_1)","decl":{"start":{"line":6,"column":12},"end":{"line":6,"column":13}},"loc":{"start":{"line":6,"column":18},"end":{"line":13,"column":3}},"line":6},"2":{"name":"(anonymous_2)","decl":{"start":{"line":7,"column":38},"end":{"line":7,"column":39}},"loc":{"start":{"line":7,"column":44},"end":{"line":9,"column":5}},"line":7},"3":{"name":"(anonymous_3)","decl":{"start":{"line":10,"column":39},"end":{"line":10,"column":40}},"loc":{"start":{"line":10,"column":45},"end":{"line":12,"column":5}},"line":10}},"branchMap":{},"s":{"0":3,"1":13,"2":13,"3":7,"4":0,"5":7,"6":0,"7":13},"f":{"0":13,"1":7,"2":0,"3":0},"b":{},"_coverageSchema":"1a1c01bbd47fc00a2c39e90264f33305004495a9","hash":"ed2230bc573600cbb0c682052a0c6d441d98844e"}
,"D:\\Food App\\src\\utils\\useRestaurantMenu.js": {"path":"D:\\Food App\\src\\utils\\useRestaurantMenu.js","statementMap":{"0":{"start":{"line":4,"column":26},"end":{"line":18,"column":1}},"1":{"start":{"line":5,"column":32},"end":{"line":5,"column":46}},"2":{"start":{"line":7,"column":2},"end":{"line":9,"column":9}},"3":{"start":{"line":8,"column":4},"end":{"line":8,"column":16}},"4":{"start":{"line":11,"column":20},"end":{"line":15,"column":3}},"5":{"start":{"line":12,"column":17},"end":{"line":12,"column":46}},"6":{"start":{"line":13,"column":17},"end":{"line":13,"column":34}},"7":{"start":{"line":14,"column":4},"end":{"line":14,"column":26}},"8":{"start":{"line":17,"column":2},"end":{"line":17,"column":17}}},"fnMap":{"0":{"name":"(anonymous_0)","decl":{"start":{"line":4,"column":26},"end":{"line":4,"column":27}},"loc":{"start":{"line":4,"column":37},"end":{"line":18,"column":1}},"line":4},"1":{"name":"(anonymous_1)","decl":{"start":{"line":7,"column":12},"end":{"line":7,"column":13}},"loc":{"start":{"line":7,"column":18},"end":{"line":9,"column":3}},"line":7},"2":{"name":"(anonymous_2)","decl":{"start":{"line":11,"column":20},"end":{"line":11,"column":21}},"loc":{"start":{"line":11,"column":32},"end":{"line":15,"column":3}},"line":11}},"branchMap":{},"s":{"0":1,"1":3,"2":3,"3":1,"4":3,"5":1,"6":1,"7":1,"8":3},"f":{"0":3,"1":1,"2":1},"b":{},"_coverageSchema":"1a1c01bbd47fc00a2c39e90264f33305004495a9","hash":"1257ad2ad14a0dfaf22c7bf859f322a599df9e3a"}
,"D:\\Food App\\src\\utils\\useRestaurants.js": {"path":"D:\\Food App\\src\\utils\\useRestaurants.js","statementMap":{"0":{"start":{"line":3,"column":23},"end":{"line":28,"column":1}},"1":{"start":{"line":4,"column":26},"end":{"line":4,"column":38}},"2":{"start":{"line":5,"column":42},"end":{"line":5,"column":54}},"3":{"start":{"line":7,"column":2},"end":{"line":9,"column":9}},"4":{"start":{"line":8,"column":4},"end":{"line":8,"column":21}},"5":{"start":{"line":12,"column":17},"end":{"line":14,"column":5}},"6":{"start":{"line":16,"column":17},"end":{"line":16,"column":34}},"7":{"start":{"line":18,"column":4},"end":{"line":20,"column":6}},"8":{"start":{"line":21,"column":4},"end":{"line":23,"column":6}},"9":{"start":{"line":27,"column":2},"end":{"line":27,"column":56}}},"fnMap":{"0":{"name":"(anonymous_0)","decl":{"start":{"line":3,"column":23},"end":{"line":3,"column":24}},"loc":{"start":{"line":3,"column":29},"end":{"line":28,"column":1}},"line":3},"1":{"name":"(anonymous_1)","decl":{"start":{"line":7,"column":12},"end":{"line":7,"column":13}},"loc":{"start":{"line":7,"column":18},"end":{"line":9,"column":3}},"line":7},"2":{"name":"getRestaurants","decl":{"start":{"line":11,"column":17},"end":{"line":11,"column":31}},"loc":{"start":{"line":11,"column":34},"end":{"line":24,"column":3}},"line":11}},"branchMap":{},"s":{"0":1,"1":6,"2":6,"3":6,"4":2,"5":2,"6":2,"7":2,"8":2,"9":6},"f":{"0":6,"1":2,"2":2},"b":{},"_coverageSchema":"1a1c01bbd47fc00a2c39e90264f33305004495a9","hash":"6e62707be602a1042db33f63c6ac41b9fafe01b3"}
}
