TN:
SF:src\components\Body.jsx
FN:8,(anonymous_0)
FN:36,(anonymous_1)
FN:39,(anonymous_2)
FN:61,(anonymous_3)
FN:78,(anonymous_4)
FN:79,(anonymous_5)
FN:87,(anonymous_6)
FN:95,(anonymous_7)
FNF:8
FNH:6
FNDA:6,(anonymous_0)
FNDA:1,(anonymous_1)
FNDA:20,(anonymous_2)
FNDA:0,(anonymous_3)
FNDA:1,(anonymous_4)
FNDA:20,(anonymous_5)
FNDA:0,(anonymous_6)
FNDA:59,(anonymous_7)
DA:8,1
DA:9,6
DA:11,6
DA:13,6
DA:15,6
DA:16,0
DA:18,6
DA:37,1
DA:38,1
DA:39,1
DA:40,20
DA:45,5
DA:49,1
DA:62,0
DA:79,20
DA:80,1
DA:88,0
DA:96,59
LF:18
LH:15
BRDA:15,0,0,0
BRDA:15,0,1,6
BRDA:18,1,0,0
BRDA:18,1,1,6
BRDA:40,2,0,5
BRDA:40,2,1,15
BRDA:102,3,0,0
BRDA:102,3,1,59
BRF:8
BRH:5
end_of_record
TN:
SF:src\components\Contact.jsx
FN:1,(anonymous_0)
FNF:1
FNH:1
FNDA:3,(anonymous_0)
DA:1,1
DA:2,3
LF:2
LH:2
BRF:0
BRH:0
end_of_record
TN:
SF:src\components\Header.jsx
FN:7,(anonymous_0)
FN:12,(anonymous_1)
FN:45,(anonymous_2)
FNF:3
FNH:3
FNDA:7,(anonymous_0)
FNDA:13,(anonymous_1)
FNDA:1,(anonymous_2)
DA:7,2
DA:8,7
DA:10,7
DA:12,13
DA:14,7
DA:46,1
LF:6
LH:6
BRDA:25,0,0,7
BRDA:25,0,1,0
BRDA:46,1,0,1
BRDA:46,1,1,0
BRF:4
BRH:2
end_of_record
TN:
SF:src\components\ItemCard.jsx
FN:5,(anonymous_0)
FN:7,(anonymous_1)
FN:13,(anonymous_2)
FN:35,(anonymous_3)
FNF:4
FNH:4
FNDA:1,(anonymous_0)
FNDA:1,(anonymous_1)
FNDA:5,(anonymous_2)
FNDA:1,(anonymous_3)
DA:5,1
DA:6,1
DA:7,1
DA:8,1
DA:10,1
DA:14,5
DA:35,1
LF:7
LH:7
BRDA:23,0,0,4
BRDA:23,0,1,1
BRF:2
BRH:2
end_of_record
TN:
SF:src\components\ResCard.jsx
FN:1,(anonymous_0)
FN:39,(anonymous_1)
FN:40,(anonymous_2)
FNF:3
FNH:3
FNDA:61,(anonymous_0)
FNDA:7,(anonymous_1)
FNDA:1,(anonymous_2)
DA:1,2
DA:9,61
DA:10,61
DA:39,2
DA:40,7
DA:41,1
LF:6
LH:6
BRF:0
BRH:0
end_of_record
TN:
SF:src\components\RestaurantCategory.jsx
FN:3,(anonymous_0)
FN:4,(anonymous_1)
FNF:2
FNH:2
FNDA:50,(anonymous_0)
FNDA:1,(anonymous_1)
DA:3,1
DA:4,50
DA:5,1
DA:7,50
LF:4
LH:4
BRDA:19,0,0,50
BRDA:19,0,1,1
BRF:2
BRH:2
end_of_record
TN:
SF:src\components\RestaurantMenu.jsx
FN:7,(anonymous_0)
FN:36,(anonymous_1)
FN:48,(anonymous_2)
FN:54,(anonymous_3)
FNF:4
FNH:4
FNDA:3,(anonymous_0)
FNDA:58,(anonymous_1)
FNDA:50,(anonymous_2)
FNDA:1,(anonymous_3)
DA:7,1
DA:8,3
DA:10,3
DA:12,3
DA:14,3
DA:17,2
DA:19,2
DA:21,2
DA:25,0
DA:29,2
DA:32,2
DA:35,2
DA:37,58
DA:41,2
DA:49,50
DA:55,1
LF:16
LH:15
BRDA:14,0,0,1
BRDA:14,0,1,2
BRDA:21,1,0,0
BRDA:21,1,1,2
BRDA:53,2,0,50
BRDA:53,2,1,1
BRDA:55,3,0,0
BRDA:55,3,1,1
BRF:8
BRH:6
end_of_record
TN:
SF:src\components\Shimmer.jsx
FN:1,(anonymous_0)
FNF:1
FNH:1
FNDA:1,(anonymous_0)
DA:1,2
DA:2,1
LF:2
LH:2
BRF:0
BRH:0
end_of_record
TN:
SF:src\components\sum.jsx
FN:1,(anonymous_0)
FNF:1
FNH:1
FNDA:1,(anonymous_0)
DA:1,1
LF:1
LH:1
BRF:0
BRH:0
end_of_record
TN:
SF:src\utils\UserContext.js
FNF:0
FNH:0
DA:3,3
LF:1
LH:1
BRF:0
BRH:0
end_of_record
TN:
SF:src\utils\appStore.js
FNF:0
FNH:0
DA:4,2
LF:1
LH:1
BRF:0
BRH:0
end_of_record
TN:
SF:src\utils\cartSlice.js
FN:9,(anonymous_0)
FN:12,(anonymous_1)
FN:15,(anonymous_2)
FNF:3
FNH:1
FNDA:1,(anonymous_0)
FNDA:0,(anonymous_1)
FNDA:0,(anonymous_2)
DA:3,2
DA:10,1
DA:13,0
DA:16,0
DA:29,2
LF:5
LH:3
BRF:0
BRH:0
end_of_record
TN:
SF:src\utils\contants.js
FNF:0
FNH:0
DA:2,2
DA:5,2
DA:8,2
LF:3
LH:3
BRF:0
BRH:0
end_of_record
TN:
SF:src\utils\useOnlineStatus.js
FN:3,(anonymous_0)
FN:6,(anonymous_1)
FN:7,(anonymous_2)
FN:10,(anonymous_3)
FNF:4
FNH:2
FNDA:13,(anonymous_0)
FNDA:7,(anonymous_1)
FNDA:0,(anonymous_2)
FNDA:0,(anonymous_3)
DA:3,3
DA:4,13
DA:6,13
DA:7,7
DA:8,0
DA:10,7
DA:11,0
DA:15,13
LF:8
LH:6
BRF:0
BRH:0
end_of_record
TN:
SF:src\utils\useRestaurantMenu.js
FN:4,(anonymous_0)
FN:7,(anonymous_1)
FN:11,(anonymous_2)
FNF:3
FNH:3
FNDA:3,(anonymous_0)
FNDA:1,(anonymous_1)
FNDA:1,(anonymous_2)
DA:4,1
DA:5,3
DA:7,3
DA:8,1
DA:11,3
DA:12,1
DA:13,1
DA:14,1
DA:17,3
LF:9
LH:9
BRF:0
BRH:0
end_of_record
TN:
SF:src\utils\useRestaurants.js
FN:3,(anonymous_0)
FN:7,(anonymous_1)
FN:11,getRestaurants
FNF:3
FNH:3
FNDA:6,(anonymous_0)
FNDA:2,(anonymous_1)
FNDA:2,getRestaurants
DA:3,1
DA:4,6
DA:5,6
DA:7,6
DA:8,2
DA:12,2
DA:16,2
DA:18,2
DA:21,2
DA:27,6
LF:10
LH:10
BRF:0
BRH:0
end_of_record
